This file contains any messages produced by compilers while
running configure, to aid debugging if configure makes a mistake.

It was created by libgnustep-corebase configure 0.2, which was
generated by GNU Autoconf 2.69.  Invocation command line was

  $ ./configure --host=arm-linux-androideabi

## --------- ##
## Platform. ##
## --------- ##

hostname = Chen-Yonghuis-MacBook-Pro.local
uname -m = x86_64
uname -r = 13.1.0
uname -s = Darwin
uname -v = Darwin Kernel Version 13.1.0: Wed Apr  2 23:52:02 PDT 2014; root:xnu-2422.92.1~2/RELEASE_X86_64

/usr/bin/uname -p = i386
/bin/uname -X     = unknown

/bin/arch              = unknown
/usr/bin/arch -k       = unknown
/usr/convex/getsysinfo = unknown
/usr/bin/hostinfo      = Mach kernel version:
	 Darwin Kernel Version 13.1.0: Wed Apr  2 23:52:02 PDT 2014; root:xnu-2422.92.1~2/RELEASE_X86_64
Kernel configured for up to 8 processors.
4 processors are physically available.
8 processors are logically available.
Processor type: i486 (Intel 80486)
Processors active: 0 1 2 3 4 5 6 7
Primary memory available: 8.00 gigabytes
Default processor set: 273 tasks, 1494 threads, 8 processors
Load average: 1.53, Mach factor: 6.46
/bin/machine           = unknown
/usr/bin/oslevel       = unknown
/bin/universe          = unknown

PATH: /Users/chyhfj/GNUstep/Tools
PATH: /Users/chyhfj/Development/MiraSDK/Products/android/android-toolchain-arm/sysroot/usr/bin
PATH: /Users/chyhfj/Development/MiraSDK/Products/android/android-toolchain-arm/sysroot/usr/sbin
PATH: /Users/chyhfj/.apportable/SDK/bin
PATH: /usr/local/bin
PATH: /usr/local/sbin
PATH: /Users/chyhfj/bin
PATH: /Users/chyhfj/.rvm/gems/ruby-1.9.2-p320/bin
PATH: /Users/chyhfj/.rvm/gems/ruby-1.9.2-p320@global/bin
PATH: /Users/chyhfj/.rvm/rubies/ruby-1.9.2-p320/bin
PATH: /Users/chyhfj/.rvm/bin
PATH: /usr/bin
PATH: /bin
PATH: /usr/sbin
PATH: /sbin
PATH: /usr/local/bin
PATH: /opt/X11/bin
PATH: /Users/chyhfj/.rvm/bin
PATH: /Users/chyhfj/Development/MiraSDK/Products/android/android-toolchain-arm/bin
PATH: /Users/chyhfj/.SDK/Android/android-ndk-r9
PATH: /Users/chyhfj/.SDK/Android/jdk/platform-tools
PATH: /Users/chyhfj/.SDK/Android/jdk/tools


## ----------- ##
## Core tests. ##
## ----------- ##

configure:2259: checking for arm-linux-androideabi-gcc
configure:2275: found /Users/chyhfj/Development/MiraSDK/Products/android/android-toolchain-arm/bin/arm-linux-androideabi-gcc
configure:2286: result: arm-linux-androideabi-gcc
configure:2555: checking for C compiler version
configure:2564: arm-linux-androideabi-gcc --version >&5
arm-linux-androideabi-gcc (GCC) 4.6 20120106 (prerelease)
Copyright (C) 2011 Free Software Foundation, Inc.
This is free software; see the source for copying conditions.  There is NO
warranty; not even for MERCHANTABILITY or FITNESS FOR A PARTICULAR PURPOSE.

configure:2575: $? = 0
configure:2564: arm-linux-androideabi-gcc -v >&5
Using built-in specs.
COLLECT_GCC=arm-linux-androideabi-gcc
COLLECT_LTO_WRAPPER=/Users/chyhfj/Development/MiraSDK/Products/android/android-toolchain-arm/bin/../libexec/gcc/arm-linux-androideabi/4.6/lto-wrapper
Target: arm-linux-androideabi
Configured with: /s/ndk-toolchain/src/build/../gcc/gcc-4.6/configure --prefix=/tmp/ndk-User/build/toolchain/prefix --target=arm-linux-androideabi --host=x86_64-apple-darwin --build=x86_64-apple-darwin --with-gnu-as --with-gnu-ld --enable-languages=c,c++ --with-gmp=/tmp/ndk-User/build/toolchain/temp-install --with-mpfr=/tmp/ndk-User/build/toolchain/temp-install --with-mpc=/tmp/ndk-User/build/toolchain/temp-install --with-cloog=/tmp/ndk-User/build/toolchain/temp-install --with-isl=/tmp/ndk-User/build/toolchain/temp-install --with-ppl=/tmp/ndk-User/build/toolchain/temp-install --disable-ppl-version-check --disable-cloog-version-check --disable-isl-version-check --enable-cloog-backend=isl --with-host-libstdcxx='-static-libgcc -lstdc++ -lm' --disable-libssp --enable-threads --disable-nls --disable-libmudflap --disable-libgomp --disable-libstdc__-v3 --disable-sjlj-exceptions --disable-shared --disable-tls --disable-libitm --with-float=soft --with-fpu=vfp --with-arch=armv5te --enable-target-optspace --enable-initfini-array --disable-nls --prefix=/tmp/ndk-User/build/toolchain/prefix --with-sysroot=/tmp/ndk-User/build/toolchain/prefix/sysroot --with-binutils-version=2.21 --with-mpfr-version=3.1.1 --with-mpc-version=1.0.1 --with-gmp-version=5.0.5 --with-gcc-version=4.6 --with-gdb-version=7.3.x --with-python=/Users/User/mydroid/ndk/prebuilt/darwin-x86_64/bin/python-config.sh --with-gxx-include-dir=/tmp/ndk-User/build/toolchain/prefix/include/c++/4.6 --with-bugurl=http://source.android.com/source/report-bugs.html --disable-bootstrap --disable-libquadmath --enable-plugins --enable-libgomp --disable-libsanitizer --enable-gold --enable-graphite=yes --with-cloog-version=0.18.0 --with-ppl-version=1.0 --with-arch=armv5te --program-transform-name='s&^&arm-linux-androideabi-&' --enable-gold=default
Thread model: posix
gcc version 4.6 20120106 (prerelease) (GCC) 
configure:2575: $? = 0
configure:2564: arm-linux-androideabi-gcc -V >&5
arm-linux-androideabi-gcc: error: unrecognized option '-V'
arm-linux-androideabi-gcc: fatal error: no input files
compilation terminated.
configure:2575: $? = 1
configure:2564: arm-linux-androideabi-gcc -qversion >&5
arm-linux-androideabi-gcc: error: unrecognized option '-qversion'
arm-linux-androideabi-gcc: fatal error: no input files
compilation terminated.
configure:2575: $? = 1
configure:2595: checking whether the C compiler works
configure:2617: arm-linux-androideabi-gcc    conftest.c  >&5
configure:2621: $? = 0
configure:2669: result: yes
configure:2672: checking for C compiler default output file name
configure:2674: result: a.out
configure:2680: checking for suffix of executables
configure:2687: arm-linux-androideabi-gcc -o conftest    conftest.c  >&5
configure:2691: $? = 0
configure:2713: result: 
configure:2735: checking whether we are cross compiling
configure:2743: arm-linux-androideabi-gcc -o conftest    conftest.c  >&5
configure:2747: $? = 0
configure:2754: ./conftest
./configure: line 2756: ./conftest: cannot execute binary file
configure:2758: $? = 126
configure:2773: result: yes
configure:2778: checking for suffix of object files
configure:2800: arm-linux-androideabi-gcc -c   conftest.c >&5
configure:2804: $? = 0
configure:2825: result: o
configure:2829: checking whether we are using the GNU C compiler
configure:2848: arm-linux-androideabi-gcc -c   conftest.c >&5
configure:2848: $? = 0
configure:2857: result: yes
configure:2866: checking whether arm-linux-androideabi-gcc accepts -g
configure:2886: arm-linux-androideabi-gcc -c -g  conftest.c >&5
configure:2886: $? = 0
configure:2927: result: yes
configure:2944: checking for arm-linux-androideabi-gcc option to accept ISO C89
configure:3007: arm-linux-androideabi-gcc  -c -g -O2  conftest.c >&5
configure:3007: $? = 0
configure:3020: result: none needed
configure:3049: checking how to run the C preprocessor
configure:3080: arm-linux-androideabi-gcc -E  conftest.c
configure:3080: $? = 0
configure:3094: arm-linux-androideabi-gcc -E  conftest.c
conftest.c:9:28: fatal error: ac_nonexistent.h: No such file or directory
compilation terminated.
configure:3094: $? = 1
configure: failed program was:
| /* confdefs.h */
| #define PACKAGE_NAME "libgnustep-corebase"
| #define PACKAGE_TARNAME "libgnustep-corebase"
| #define PACKAGE_VERSION "0.2"
| #define PACKAGE_STRING "libgnustep-corebase 0.2"
| #define PACKAGE_BUGREPORT "bug-gnustep@gnu.org"
| #define PACKAGE_URL ""
| /* end confdefs.h.  */
| #include <ac_nonexistent.h>
configure:3119: result: arm-linux-androideabi-gcc -E
configure:3139: arm-linux-androideabi-gcc -E  conftest.c
configure:3139: $? = 0
configure:3153: arm-linux-androideabi-gcc -E  conftest.c
conftest.c:9:28: fatal error: ac_nonexistent.h: No such file or directory
compilation terminated.
configure:3153: $? = 1
configure: failed program was:
| /* confdefs.h */
| #define PACKAGE_NAME "libgnustep-corebase"
| #define PACKAGE_TARNAME "libgnustep-corebase"
| #define PACKAGE_VERSION "0.2"
| #define PACKAGE_STRING "libgnustep-corebase 0.2"
| #define PACKAGE_BUGREPORT "bug-gnustep@gnu.org"
| #define PACKAGE_URL ""
| /* end confdefs.h.  */
| #include <ac_nonexistent.h>
configure:3182: checking for grep that handles long lines and -e
configure:3240: result: /usr/bin/grep
configure:3245: checking for egrep
configure:3307: result: /usr/bin/grep -E
configure:3312: checking for ANSI C header files
configure:3332: arm-linux-androideabi-gcc -c -g -O2  conftest.c >&5
configure:3332: $? = 0
configure:3416: result: yes
configure:3429: checking for sys/types.h
configure:3429: arm-linux-androideabi-gcc -c -g -O2  conftest.c >&5
configure:3429: $? = 0
configure:3429: result: yes
configure:3429: checking for sys/stat.h
configure:3429: arm-linux-androideabi-gcc -c -g -O2  conftest.c >&5
configure:3429: $? = 0
configure:3429: result: yes
configure:3429: checking for stdlib.h
configure:3429: arm-linux-androideabi-gcc -c -g -O2  conftest.c >&5
configure:3429: $? = 0
configure:3429: result: yes
configure:3429: checking for string.h
configure:3429: arm-linux-androideabi-gcc -c -g -O2  conftest.c >&5
configure:3429: $? = 0
configure:3429: result: yes
configure:3429: checking for memory.h
configure:3429: arm-linux-androideabi-gcc -c -g -O2  conftest.c >&5
configure:3429: $? = 0
configure:3429: result: yes
configure:3429: checking for strings.h
configure:3429: arm-linux-androideabi-gcc -c -g -O2  conftest.c >&5
configure:3429: $? = 0
configure:3429: result: yes
configure:3429: checking for inttypes.h
configure:3429: arm-linux-androideabi-gcc -c -g -O2  conftest.c >&5
configure:3429: $? = 0
configure:3429: result: yes
configure:3429: checking for stdint.h
configure:3429: arm-linux-androideabi-gcc -c -g -O2  conftest.c >&5
configure:3429: $? = 0
configure:3429: result: yes
configure:3429: checking for unistd.h
configure:3429: arm-linux-androideabi-gcc -c -g -O2  conftest.c >&5
configure:3429: $? = 0
configure:3429: result: yes
configure:3444: checking fcntl.h usability
configure:3444: arm-linux-androideabi-gcc -c -g -O2  conftest.c >&5
configure:3444: $? = 0
configure:3444: result: yes
configure:3444: checking fcntl.h presence
configure:3444: arm-linux-androideabi-gcc -E  conftest.c
configure:3444: $? = 0
configure:3444: result: yes
configure:3444: checking for fcntl.h
configure:3444: result: yes
configure:3444: checking float.h usability
configure:3444: arm-linux-androideabi-gcc -c -g -O2  conftest.c >&5
configure:3444: $? = 0
configure:3444: result: yes
configure:3444: checking float.h presence
configure:3444: arm-linux-androideabi-gcc -E  conftest.c
configure:3444: $? = 0
configure:3444: result: yes
configure:3444: checking for float.h
configure:3444: result: yes
configure:3444: checking limits.h usability
configure:3444: arm-linux-androideabi-gcc -c -g -O2  conftest.c >&5
configure:3444: $? = 0
configure:3444: result: yes
configure:3444: checking limits.h presence
configure:3444: arm-linux-androideabi-gcc -E  conftest.c
configure:3444: $? = 0
configure:3444: result: yes
configure:3444: checking for limits.h
configure:3444: result: yes
configure:3444: checking math.h usability
configure:3444: arm-linux-androideabi-gcc -c -g -O2  conftest.c >&5
configure:3444: $? = 0
configure:3444: result: yes
configure:3444: checking math.h presence
configure:3444: arm-linux-androideabi-gcc -E  conftest.c
configure:3444: $? = 0
configure:3444: result: yes
configure:3444: checking for math.h
configure:3444: result: yes
configure:3444: checking stddef.h usability
configure:3444: arm-linux-androideabi-gcc -c -g -O2  conftest.c >&5
configure:3444: $? = 0
configure:3444: result: yes
configure:3444: checking stddef.h presence
configure:3444: arm-linux-androideabi-gcc -E  conftest.c
configure:3444: $? = 0
configure:3444: result: yes
configure:3444: checking for stddef.h
configure:3444: result: yes
configure:3444: checking for stdint.h
configure:3444: result: yes
configure:3444: checking for stdlib.h
configure:3444: result: yes
configure:3444: checking for string.h
configure:3444: result: yes
configure:3444: checking sys/time.h usability
configure:3444: arm-linux-androideabi-gcc -c -g -O2  conftest.c >&5
configure:3444: $? = 0
configure:3444: result: yes
configure:3444: checking sys/time.h presence
configure:3444: arm-linux-androideabi-gcc -E  conftest.c
configure:3444: $? = 0
configure:3444: result: yes
configure:3444: checking for sys/time.h
configure:3444: result: yes
configure:3444: checking for unistd.h
configure:3444: result: yes
configure:3455: checking for inline
configure:3471: arm-linux-androideabi-gcc -c -g -O2  conftest.c >&5
configure:3471: $? = 0
configure:3479: result: inline
configure:3497: checking whether byte ordering is bigendian
configure:3512: arm-linux-androideabi-gcc -c -g -O2  conftest.c >&5
conftest.c:30:9: error: unknown type name 'not'
conftest.c:30:15: error: expected '=', ',', ';', 'asm' or '__attribute__' before 'universal'
conftest.c:30:15: error: unknown type name 'universal'
configure:3512: $? = 1
configure: failed program was:
| /* confdefs.h */
| #define PACKAGE_NAME "libgnustep-corebase"
| #define PACKAGE_TARNAME "libgnustep-corebase"
| #define PACKAGE_VERSION "0.2"
| #define PACKAGE_STRING "libgnustep-corebase 0.2"
| #define PACKAGE_BUGREPORT "bug-gnustep@gnu.org"
| #define PACKAGE_URL ""
| #define STDC_HEADERS 1
| #define HAVE_SYS_TYPES_H 1
| #define HAVE_SYS_STAT_H 1
| #define HAVE_STDLIB_H 1
| #define HAVE_STRING_H 1
| #define HAVE_MEMORY_H 1
| #define HAVE_STRINGS_H 1
| #define HAVE_INTTYPES_H 1
| #define HAVE_STDINT_H 1
| #define HAVE_UNISTD_H 1
| #define HAVE_FCNTL_H 1
| #define HAVE_FLOAT_H 1
| #define HAVE_LIMITS_H 1
| #define HAVE_MATH_H 1
| #define HAVE_STDDEF_H 1
| #define HAVE_STDINT_H 1
| #define HAVE_STDLIB_H 1
| #define HAVE_STRING_H 1
| #define HAVE_SYS_TIME_H 1
| #define HAVE_UNISTD_H 1
| /* end confdefs.h.  */
| #ifndef __APPLE_CC__
| 	       not a universal capable compiler
| 	     #endif
| 	     typedef int dummy;
| 
configure:3557: arm-linux-androideabi-gcc -c -g -O2  conftest.c >&5
conftest.c: In function 'main':
conftest.c:36:8: error: unknown type name 'bogus'
conftest.c:36:21: error: expected '=', ',', ';', 'asm' or '__attribute__' before 'macros'
configure:3557: $? = 1
configure: failed program was:
| /* confdefs.h */
| #define PACKAGE_NAME "libgnustep-corebase"
| #define PACKAGE_TARNAME "libgnustep-corebase"
| #define PACKAGE_VERSION "0.2"
| #define PACKAGE_STRING "libgnustep-corebase 0.2"
| #define PACKAGE_BUGREPORT "bug-gnustep@gnu.org"
| #define PACKAGE_URL ""
| #define STDC_HEADERS 1
| #define HAVE_SYS_TYPES_H 1
| #define HAVE_SYS_STAT_H 1
| #define HAVE_STDLIB_H 1
| #define HAVE_STRING_H 1
| #define HAVE_MEMORY_H 1
| #define HAVE_STRINGS_H 1
| #define HAVE_INTTYPES_H 1
| #define HAVE_STDINT_H 1
| #define HAVE_UNISTD_H 1
| #define HAVE_FCNTL_H 1
| #define HAVE_FLOAT_H 1
| #define HAVE_LIMITS_H 1
| #define HAVE_MATH_H 1
| #define HAVE_STDDEF_H 1
| #define HAVE_STDINT_H 1
| #define HAVE_STDLIB_H 1
| #define HAVE_STRING_H 1
| #define HAVE_SYS_TIME_H 1
| #define HAVE_UNISTD_H 1
| /* end confdefs.h.  */
| #include <sys/types.h>
| 	     #include <sys/param.h>
| 
| int
| main ()
| {
| #if ! (defined BYTE_ORDER && defined BIG_ENDIAN 		     && defined LITTLE_ENDIAN && BYTE_ORDER && BIG_ENDIAN 		     && LITTLE_ENDIAN)
| 	      bogus endian macros
| 	     #endif
| 
|   ;
|   return 0;
| }
configure:3601: arm-linux-androideabi-gcc -c -g -O2  conftest.c >&5
conftest.c: In function 'main':
conftest.c:35:8: error: unknown type name 'bogus'
conftest.c:35:21: error: expected '=', ',', ';', 'asm' or '__attribute__' before 'macros'
configure:3601: $? = 1
configure: failed program was:
| /* confdefs.h */
| #define PACKAGE_NAME "libgnustep-corebase"
| #define PACKAGE_TARNAME "libgnustep-corebase"
| #define PACKAGE_VERSION "0.2"
| #define PACKAGE_STRING "libgnustep-corebase 0.2"
| #define PACKAGE_BUGREPORT "bug-gnustep@gnu.org"
| #define PACKAGE_URL ""
| #define STDC_HEADERS 1
| #define HAVE_SYS_TYPES_H 1
| #define HAVE_SYS_STAT_H 1
| #define HAVE_STDLIB_H 1
| #define HAVE_STRING_H 1
| #define HAVE_MEMORY_H 1
| #define HAVE_STRINGS_H 1
| #define HAVE_INTTYPES_H 1
| #define HAVE_STDINT_H 1
| #define HAVE_UNISTD_H 1
| #define HAVE_FCNTL_H 1
| #define HAVE_FLOAT_H 1
| #define HAVE_LIMITS_H 1
| #define HAVE_MATH_H 1
| #define HAVE_STDDEF_H 1
| #define HAVE_STDINT_H 1
| #define HAVE_STDLIB_H 1
| #define HAVE_STRING_H 1
| #define HAVE_SYS_TIME_H 1
| #define HAVE_UNISTD_H 1
| /* end confdefs.h.  */
| #include <limits.h>
| 
| int
| main ()
| {
| #if ! (defined _LITTLE_ENDIAN || defined _BIG_ENDIAN)
| 	      bogus endian macros
| 	     #endif
| 
|   ;
|   return 0;
| }
configure:3657: arm-linux-androideabi-gcc -c -g -O2  conftest.c >&5
configure:3657: $? = 0
configure:3703: result: no
configure:3728: checking size of char
configure:3733: arm-linux-androideabi-gcc -c -g -O2  conftest.c >&5
configure:3733: $? = 0
configure:3733: arm-linux-androideabi-gcc -c -g -O2  conftest.c >&5
conftest.c: In function 'main':
conftest.c:65:12: error: size of array 'test_array' is negative
configure:3733: $? = 1
configure: failed program was:
| /* confdefs.h */
| #define PACKAGE_NAME "libgnustep-corebase"
| #define PACKAGE_TARNAME "libgnustep-corebase"
| #define PACKAGE_VERSION "0.2"
| #define PACKAGE_STRING "libgnustep-corebase 0.2"
| #define PACKAGE_BUGREPORT "bug-gnustep@gnu.org"
| #define PACKAGE_URL ""
| #define STDC_HEADERS 1
| #define HAVE_SYS_TYPES_H 1
| #define HAVE_SYS_STAT_H 1
| #define HAVE_STDLIB_H 1
| #define HAVE_STRING_H 1
| #define HAVE_MEMORY_H 1
| #define HAVE_STRINGS_H 1
| #define HAVE_INTTYPES_H 1
| #define HAVE_STDINT_H 1
| #define HAVE_UNISTD_H 1
| #define HAVE_FCNTL_H 1
| #define HAVE_FLOAT_H 1
| #define HAVE_LIMITS_H 1
| #define HAVE_MATH_H 1
| #define HAVE_STDDEF_H 1
| #define HAVE_STDINT_H 1
| #define HAVE_STDLIB_H 1
| #define HAVE_STRING_H 1
| #define HAVE_SYS_TIME_H 1
| #define HAVE_UNISTD_H 1
| /* end confdefs.h.  */
| #include <stdio.h>
| #ifdef HAVE_SYS_TYPES_H
| # include <sys/types.h>
| #endif
| #ifdef HAVE_SYS_STAT_H
| # include <sys/stat.h>
| #endif
| #ifdef STDC_HEADERS
| # include <stdlib.h>
| # include <stddef.h>
| #else
| # ifdef HAVE_STDLIB_H
| #  include <stdlib.h>
| # endif
| #endif
| #ifdef HAVE_STRING_H
| # if !defined STDC_HEADERS && defined HAVE_MEMORY_H
| #  include <memory.h>
| # endif
| # include <string.h>
| #endif
| #ifdef HAVE_STRINGS_H
| # include <strings.h>
| #endif
| #ifdef HAVE_INTTYPES_H
| # include <inttypes.h>
| #endif
| #ifdef HAVE_STDINT_H
| # include <stdint.h>
| #endif
| #ifdef HAVE_UNISTD_H
| # include <unistd.h>
| #endif
| int
| main ()
| {
| static int test_array [1 - 2 * !(((long int) (sizeof (char))) <= 0)];
| test_array [0] = 0;
| return test_array [0];
| 
|   ;
|   return 0;
| }
configure:3733: arm-linux-androideabi-gcc -c -g -O2  conftest.c >&5
configure:3733: $? = 0
configure:3747: result: 1
configure:3761: checking size of short
configure:3766: arm-linux-androideabi-gcc -c -g -O2  conftest.c >&5
configure:3766: $? = 0
configure:3766: arm-linux-androideabi-gcc -c -g -O2  conftest.c >&5
conftest.c: In function 'main':
conftest.c:66:12: error: size of array 'test_array' is negative
configure:3766: $? = 1
configure: failed program was:
| /* confdefs.h */
| #define PACKAGE_NAME "libgnustep-corebase"
| #define PACKAGE_TARNAME "libgnustep-corebase"
| #define PACKAGE_VERSION "0.2"
| #define PACKAGE_STRING "libgnustep-corebase 0.2"
| #define PACKAGE_BUGREPORT "bug-gnustep@gnu.org"
| #define PACKAGE_URL ""
| #define STDC_HEADERS 1
| #define HAVE_SYS_TYPES_H 1
| #define HAVE_SYS_STAT_H 1
| #define HAVE_STDLIB_H 1
| #define HAVE_STRING_H 1
| #define HAVE_MEMORY_H 1
| #define HAVE_STRINGS_H 1
| #define HAVE_INTTYPES_H 1
| #define HAVE_STDINT_H 1
| #define HAVE_UNISTD_H 1
| #define HAVE_FCNTL_H 1
| #define HAVE_FLOAT_H 1
| #define HAVE_LIMITS_H 1
| #define HAVE_MATH_H 1
| #define HAVE_STDDEF_H 1
| #define HAVE_STDINT_H 1
| #define HAVE_STDLIB_H 1
| #define HAVE_STRING_H 1
| #define HAVE_SYS_TIME_H 1
| #define HAVE_UNISTD_H 1
| #define SIZEOF_CHAR 1
| /* end confdefs.h.  */
| #include <stdio.h>
| #ifdef HAVE_SYS_TYPES_H
| # include <sys/types.h>
| #endif
| #ifdef HAVE_SYS_STAT_H
| # include <sys/stat.h>
| #endif
| #ifdef STDC_HEADERS
| # include <stdlib.h>
| # include <stddef.h>
| #else
| # ifdef HAVE_STDLIB_H
| #  include <stdlib.h>
| # endif
| #endif
| #ifdef HAVE_STRING_H
| # if !defined STDC_HEADERS && defined HAVE_MEMORY_H
| #  include <memory.h>
| # endif
| # include <string.h>
| #endif
| #ifdef HAVE_STRINGS_H
| # include <strings.h>
| #endif
| #ifdef HAVE_INTTYPES_H
| # include <inttypes.h>
| #endif
| #ifdef HAVE_STDINT_H
| # include <stdint.h>
| #endif
| #ifdef HAVE_UNISTD_H
| # include <unistd.h>
| #endif
| int
| main ()
| {
| static int test_array [1 - 2 * !(((long int) (sizeof (short))) <= 0)];
| test_array [0] = 0;
| return test_array [0];
| 
|   ;
|   return 0;
| }
configure:3766: arm-linux-androideabi-gcc -c -g -O2  conftest.c >&5
conftest.c: In function 'main':
conftest.c:66:12: error: size of array 'test_array' is negative
configure:3766: $? = 1
configure: failed program was:
| /* confdefs.h */
| #define PACKAGE_NAME "libgnustep-corebase"
| #define PACKAGE_TARNAME "libgnustep-corebase"
| #define PACKAGE_VERSION "0.2"
| #define PACKAGE_STRING "libgnustep-corebase 0.2"
| #define PACKAGE_BUGREPORT "bug-gnustep@gnu.org"
| #define PACKAGE_URL ""
| #define STDC_HEADERS 1
| #define HAVE_SYS_TYPES_H 1
| #define HAVE_SYS_STAT_H 1
| #define HAVE_STDLIB_H 1
| #define HAVE_STRING_H 1
| #define HAVE_MEMORY_H 1
| #define HAVE_STRINGS_H 1
| #define HAVE_INTTYPES_H 1
| #define HAVE_STDINT_H 1
| #define HAVE_UNISTD_H 1
| #define HAVE_FCNTL_H 1
| #define HAVE_FLOAT_H 1
| #define HAVE_LIMITS_H 1
| #define HAVE_MATH_H 1
| #define HAVE_STDDEF_H 1
| #define HAVE_STDINT_H 1
| #define HAVE_STDLIB_H 1
| #define HAVE_STRING_H 1
| #define HAVE_SYS_TIME_H 1
| #define HAVE_UNISTD_H 1
| #define SIZEOF_CHAR 1
| /* end confdefs.h.  */
| #include <stdio.h>
| #ifdef HAVE_SYS_TYPES_H
| # include <sys/types.h>
| #endif
| #ifdef HAVE_SYS_STAT_H
| # include <sys/stat.h>
| #endif
| #ifdef STDC_HEADERS
| # include <stdlib.h>
| # include <stddef.h>
| #else
| # ifdef HAVE_STDLIB_H
| #  include <stdlib.h>
| # endif
| #endif
| #ifdef HAVE_STRING_H
| # if !defined STDC_HEADERS && defined HAVE_MEMORY_H
| #  include <memory.h>
| # endif
| # include <string.h>
| #endif
| #ifdef HAVE_STRINGS_H
| # include <strings.h>
| #endif
| #ifdef HAVE_INTTYPES_H
| # include <inttypes.h>
| #endif
| #ifdef HAVE_STDINT_H
| # include <stdint.h>
| #endif
| #ifdef HAVE_UNISTD_H
| # include <unistd.h>
| #endif
| int
| main ()
| {
| static int test_array [1 - 2 * !(((long int) (sizeof (short))) <= 1)];
| test_array [0] = 0;
| return test_array [0];
| 
|   ;
|   return 0;
| }
configure:3766: arm-linux-androideabi-gcc -c -g -O2  conftest.c >&5
configure:3766: $? = 0
configure:3766: arm-linux-androideabi-gcc -c -g -O2  conftest.c >&5
configure:3766: $? = 0
configure:3780: result: 2
configure:3794: checking size of int
configure:3799: arm-linux-androideabi-gcc -c -g -O2  conftest.c >&5
configure:3799: $? = 0
configure:3799: arm-linux-androideabi-gcc -c -g -O2  conftest.c >&5
conftest.c: In function 'main':
conftest.c:67:12: error: size of array 'test_array' is negative
configure:3799: $? = 1
configure: failed program was:
| /* confdefs.h */
| #define PACKAGE_NAME "libgnustep-corebase"
| #define PACKAGE_TARNAME "libgnustep-corebase"
| #define PACKAGE_VERSION "0.2"
| #define PACKAGE_STRING "libgnustep-corebase 0.2"
| #define PACKAGE_BUGREPORT "bug-gnustep@gnu.org"
| #define PACKAGE_URL ""
| #define STDC_HEADERS 1
| #define HAVE_SYS_TYPES_H 1
| #define HAVE_SYS_STAT_H 1
| #define HAVE_STDLIB_H 1
| #define HAVE_STRING_H 1
| #define HAVE_MEMORY_H 1
| #define HAVE_STRINGS_H 1
| #define HAVE_INTTYPES_H 1
| #define HAVE_STDINT_H 1
| #define HAVE_UNISTD_H 1
| #define HAVE_FCNTL_H 1
| #define HAVE_FLOAT_H 1
| #define HAVE_LIMITS_H 1
| #define HAVE_MATH_H 1
| #define HAVE_STDDEF_H 1
| #define HAVE_STDINT_H 1
| #define HAVE_STDLIB_H 1
| #define HAVE_STRING_H 1
| #define HAVE_SYS_TIME_H 1
| #define HAVE_UNISTD_H 1
| #define SIZEOF_CHAR 1
| #define SIZEOF_SHORT 2
| /* end confdefs.h.  */
| #include <stdio.h>
| #ifdef HAVE_SYS_TYPES_H
| # include <sys/types.h>
| #endif
| #ifdef HAVE_SYS_STAT_H
| # include <sys/stat.h>
| #endif
| #ifdef STDC_HEADERS
| # include <stdlib.h>
| # include <stddef.h>
| #else
| # ifdef HAVE_STDLIB_H
| #  include <stdlib.h>
| # endif
| #endif
| #ifdef HAVE_STRING_H
| # if !defined STDC_HEADERS && defined HAVE_MEMORY_H
| #  include <memory.h>
| # endif
| # include <string.h>
| #endif
| #ifdef HAVE_STRINGS_H
| # include <strings.h>
| #endif
| #ifdef HAVE_INTTYPES_H
| # include <inttypes.h>
| #endif
| #ifdef HAVE_STDINT_H
| # include <stdint.h>
| #endif
| #ifdef HAVE_UNISTD_H
| # include <unistd.h>
| #endif
| int
| main ()
| {
| static int test_array [1 - 2 * !(((long int) (sizeof (int))) <= 0)];
| test_array [0] = 0;
| return test_array [0];
| 
|   ;
|   return 0;
| }
configure:3799: arm-linux-androideabi-gcc -c -g -O2  conftest.c >&5
conftest.c: In function 'main':
conftest.c:67:12: error: size of array 'test_array' is negative
configure:3799: $? = 1
configure: failed program was:
| /* confdefs.h */
| #define PACKAGE_NAME "libgnustep-corebase"
| #define PACKAGE_TARNAME "libgnustep-corebase"
| #define PACKAGE_VERSION "0.2"
| #define PACKAGE_STRING "libgnustep-corebase 0.2"
| #define PACKAGE_BUGREPORT "bug-gnustep@gnu.org"
| #define PACKAGE_URL ""
| #define STDC_HEADERS 1
| #define HAVE_SYS_TYPES_H 1
| #define HAVE_SYS_STAT_H 1
| #define HAVE_STDLIB_H 1
| #define HAVE_STRING_H 1
| #define HAVE_MEMORY_H 1
| #define HAVE_STRINGS_H 1
| #define HAVE_INTTYPES_H 1
| #define HAVE_STDINT_H 1
| #define HAVE_UNISTD_H 1
| #define HAVE_FCNTL_H 1
| #define HAVE_FLOAT_H 1
| #define HAVE_LIMITS_H 1
| #define HAVE_MATH_H 1
| #define HAVE_STDDEF_H 1
| #define HAVE_STDINT_H 1
| #define HAVE_STDLIB_H 1
| #define HAVE_STRING_H 1
| #define HAVE_SYS_TIME_H 1
| #define HAVE_UNISTD_H 1
| #define SIZEOF_CHAR 1
| #define SIZEOF_SHORT 2
| /* end confdefs.h.  */
| #include <stdio.h>
| #ifdef HAVE_SYS_TYPES_H
| # include <sys/types.h>
| #endif
| #ifdef HAVE_SYS_STAT_H
| # include <sys/stat.h>
| #endif
| #ifdef STDC_HEADERS
| # include <stdlib.h>
| # include <stddef.h>
| #else
| # ifdef HAVE_STDLIB_H
| #  include <stdlib.h>
| # endif
| #endif
| #ifdef HAVE_STRING_H
| # if !defined STDC_HEADERS && defined HAVE_MEMORY_H
| #  include <memory.h>
| # endif
| # include <string.h>
| #endif
| #ifdef HAVE_STRINGS_H
| # include <strings.h>
| #endif
| #ifdef HAVE_INTTYPES_H
| # include <inttypes.h>
| #endif
| #ifdef HAVE_STDINT_H
| # include <stdint.h>
| #endif
| #ifdef HAVE_UNISTD_H
| # include <unistd.h>
| #endif
| int
| main ()
| {
| static int test_array [1 - 2 * !(((long int) (sizeof (int))) <= 1)];
| test_array [0] = 0;
| return test_array [0];
| 
|   ;
|   return 0;
| }
configure:3799: arm-linux-androideabi-gcc -c -g -O2  conftest.c >&5
conftest.c: In function 'main':
conftest.c:67:12: error: size of array 'test_array' is negative
configure:3799: $? = 1
configure: failed program was:
| /* confdefs.h */
| #define PACKAGE_NAME "libgnustep-corebase"
| #define PACKAGE_TARNAME "libgnustep-corebase"
| #define PACKAGE_VERSION "0.2"
| #define PACKAGE_STRING "libgnustep-corebase 0.2"
| #define PACKAGE_BUGREPORT "bug-gnustep@gnu.org"
| #define PACKAGE_URL ""
| #define STDC_HEADERS 1
| #define HAVE_SYS_TYPES_H 1
| #define HAVE_SYS_STAT_H 1
| #define HAVE_STDLIB_H 1
| #define HAVE_STRING_H 1
| #define HAVE_MEMORY_H 1
| #define HAVE_STRINGS_H 1
| #define HAVE_INTTYPES_H 1
| #define HAVE_STDINT_H 1
| #define HAVE_UNISTD_H 1
| #define HAVE_FCNTL_H 1
| #define HAVE_FLOAT_H 1
| #define HAVE_LIMITS_H 1
| #define HAVE_MATH_H 1
| #define HAVE_STDDEF_H 1
| #define HAVE_STDINT_H 1
| #define HAVE_STDLIB_H 1
| #define HAVE_STRING_H 1
| #define HAVE_SYS_TIME_H 1
| #define HAVE_UNISTD_H 1
| #define SIZEOF_CHAR 1
| #define SIZEOF_SHORT 2
| /* end confdefs.h.  */
| #include <stdio.h>
| #ifdef HAVE_SYS_TYPES_H
| # include <sys/types.h>
| #endif
| #ifdef HAVE_SYS_STAT_H
| # include <sys/stat.h>
| #endif
| #ifdef STDC_HEADERS
| # include <stdlib.h>
| # include <stddef.h>
| #else
| # ifdef HAVE_STDLIB_H
| #  include <stdlib.h>
| # endif
| #endif
| #ifdef HAVE_STRING_H
| # if !defined STDC_HEADERS && defined HAVE_MEMORY_H
| #  include <memory.h>
| # endif
| # include <string.h>
| #endif
| #ifdef HAVE_STRINGS_H
| # include <strings.h>
| #endif
| #ifdef HAVE_INTTYPES_H
| # include <inttypes.h>
| #endif
| #ifdef HAVE_STDINT_H
| # include <stdint.h>
| #endif
| #ifdef HAVE_UNISTD_H
| # include <unistd.h>
| #endif
| int
| main ()
| {
| static int test_array [1 - 2 * !(((long int) (sizeof (int))) <= 3)];
| test_array [0] = 0;
| return test_array [0];
| 
|   ;
|   return 0;
| }
configure:3799: arm-linux-androideabi-gcc -c -g -O2  conftest.c >&5
configure:3799: $? = 0
configure:3799: arm-linux-androideabi-gcc -c -g -O2  conftest.c >&5
configure:3799: $? = 0
configure:3799: arm-linux-androideabi-gcc -c -g -O2  conftest.c >&5
configure:3799: $? = 0
configure:3813: result: 4
configure:3827: checking size of long
configure:3832: arm-linux-androideabi-gcc -c -g -O2  conftest.c >&5
configure:3832: $? = 0
configure:3832: arm-linux-androideabi-gcc -c -g -O2  conftest.c >&5
conftest.c: In function 'main':
conftest.c:68:12: error: size of array 'test_array' is negative
configure:3832: $? = 1
configure: failed program was:
| /* confdefs.h */
| #define PACKAGE_NAME "libgnustep-corebase"
| #define PACKAGE_TARNAME "libgnustep-corebase"
| #define PACKAGE_VERSION "0.2"
| #define PACKAGE_STRING "libgnustep-corebase 0.2"
| #define PACKAGE_BUGREPORT "bug-gnustep@gnu.org"
| #define PACKAGE_URL ""
| #define STDC_HEADERS 1
| #define HAVE_SYS_TYPES_H 1
| #define HAVE_SYS_STAT_H 1
| #define HAVE_STDLIB_H 1
| #define HAVE_STRING_H 1
| #define HAVE_MEMORY_H 1
| #define HAVE_STRINGS_H 1
| #define HAVE_INTTYPES_H 1
| #define HAVE_STDINT_H 1
| #define HAVE_UNISTD_H 1
| #define HAVE_FCNTL_H 1
| #define HAVE_FLOAT_H 1
| #define HAVE_LIMITS_H 1
| #define HAVE_MATH_H 1
| #define HAVE_STDDEF_H 1
| #define HAVE_STDINT_H 1
| #define HAVE_STDLIB_H 1
| #define HAVE_STRING_H 1
| #define HAVE_SYS_TIME_H 1
| #define HAVE_UNISTD_H 1
| #define SIZEOF_CHAR 1
| #define SIZEOF_SHORT 2
| #define SIZEOF_INT 4
| /* end confdefs.h.  */
| #include <stdio.h>
| #ifdef HAVE_SYS_TYPES_H
| # include <sys/types.h>
| #endif
| #ifdef HAVE_SYS_STAT_H
| # include <sys/stat.h>
| #endif
| #ifdef STDC_HEADERS
| # include <stdlib.h>
| # include <stddef.h>
| #else
| # ifdef HAVE_STDLIB_H
| #  include <stdlib.h>
| # endif
| #endif
| #ifdef HAVE_STRING_H
| # if !defined STDC_HEADERS && defined HAVE_MEMORY_H
| #  include <memory.h>
| # endif
| # include <string.h>
| #endif
| #ifdef HAVE_STRINGS_H
| # include <strings.h>
| #endif
| #ifdef HAVE_INTTYPES_H
| # include <inttypes.h>
| #endif
| #ifdef HAVE_STDINT_H
| # include <stdint.h>
| #endif
| #ifdef HAVE_UNISTD_H
| # include <unistd.h>
| #endif
| int
| main ()
| {
| static int test_array [1 - 2 * !(((long int) (sizeof (long))) <= 0)];
| test_array [0] = 0;
| return test_array [0];
| 
|   ;
|   return 0;
| }
configure:3832: arm-linux-androideabi-gcc -c -g -O2  conftest.c >&5
conftest.c: In function 'main':
conftest.c:68:12: error: size of array 'test_array' is negative
configure:3832: $? = 1
configure: failed program was:
| /* confdefs.h */
| #define PACKAGE_NAME "libgnustep-corebase"
| #define PACKAGE_TARNAME "libgnustep-corebase"
| #define PACKAGE_VERSION "0.2"
| #define PACKAGE_STRING "libgnustep-corebase 0.2"
| #define PACKAGE_BUGREPORT "bug-gnustep@gnu.org"
| #define PACKAGE_URL ""
| #define STDC_HEADERS 1
| #define HAVE_SYS_TYPES_H 1
| #define HAVE_SYS_STAT_H 1
| #define HAVE_STDLIB_H 1
| #define HAVE_STRING_H 1
| #define HAVE_MEMORY_H 1
| #define HAVE_STRINGS_H 1
| #define HAVE_INTTYPES_H 1
| #define HAVE_STDINT_H 1
| #define HAVE_UNISTD_H 1
| #define HAVE_FCNTL_H 1
| #define HAVE_FLOAT_H 1
| #define HAVE_LIMITS_H 1
| #define HAVE_MATH_H 1
| #define HAVE_STDDEF_H 1
| #define HAVE_STDINT_H 1
| #define HAVE_STDLIB_H 1
| #define HAVE_STRING_H 1
| #define HAVE_SYS_TIME_H 1
| #define HAVE_UNISTD_H 1
| #define SIZEOF_CHAR 1
| #define SIZEOF_SHORT 2
| #define SIZEOF_INT 4
| /* end confdefs.h.  */
| #include <stdio.h>
| #ifdef HAVE_SYS_TYPES_H
| # include <sys/types.h>
| #endif
| #ifdef HAVE_SYS_STAT_H
| # include <sys/stat.h>
| #endif
| #ifdef STDC_HEADERS
| # include <stdlib.h>
| # include <stddef.h>
| #else
| # ifdef HAVE_STDLIB_H
| #  include <stdlib.h>
| # endif
| #endif
| #ifdef HAVE_STRING_H
| # if !defined STDC_HEADERS && defined HAVE_MEMORY_H
| #  include <memory.h>
| # endif
| # include <string.h>
| #endif
| #ifdef HAVE_STRINGS_H
| # include <strings.h>
| #endif
| #ifdef HAVE_INTTYPES_H
| # include <inttypes.h>
| #endif
| #ifdef HAVE_STDINT_H
| # include <stdint.h>
| #endif
| #ifdef HAVE_UNISTD_H
| # include <unistd.h>
| #endif
| int
| main ()
| {
| static int test_array [1 - 2 * !(((long int) (sizeof (long))) <= 1)];
| test_array [0] = 0;
| return test_array [0];
| 
|   ;
|   return 0;
| }
configure:3832: arm-linux-androideabi-gcc -c -g -O2  conftest.c >&5
conftest.c: In function 'main':
conftest.c:68:12: error: size of array 'test_array' is negative
configure:3832: $? = 1
configure: failed program was:
| /* confdefs.h */
| #define PACKAGE_NAME "libgnustep-corebase"
| #define PACKAGE_TARNAME "libgnustep-corebase"
| #define PACKAGE_VERSION "0.2"
| #define PACKAGE_STRING "libgnustep-corebase 0.2"
| #define PACKAGE_BUGREPORT "bug-gnustep@gnu.org"
| #define PACKAGE_URL ""
| #define STDC_HEADERS 1
| #define HAVE_SYS_TYPES_H 1
| #define HAVE_SYS_STAT_H 1
| #define HAVE_STDLIB_H 1
| #define HAVE_STRING_H 1
| #define HAVE_MEMORY_H 1
| #define HAVE_STRINGS_H 1
| #define HAVE_INTTYPES_H 1
| #define HAVE_STDINT_H 1
| #define HAVE_UNISTD_H 1
| #define HAVE_FCNTL_H 1
| #define HAVE_FLOAT_H 1
| #define HAVE_LIMITS_H 1
| #define HAVE_MATH_H 1
| #define HAVE_STDDEF_H 1
| #define HAVE_STDINT_H 1
| #define HAVE_STDLIB_H 1
| #define HAVE_STRING_H 1
| #define HAVE_SYS_TIME_H 1
| #define HAVE_UNISTD_H 1
| #define SIZEOF_CHAR 1
| #define SIZEOF_SHORT 2
| #define SIZEOF_INT 4
| /* end confdefs.h.  */
| #include <stdio.h>
| #ifdef HAVE_SYS_TYPES_H
| # include <sys/types.h>
| #endif
| #ifdef HAVE_SYS_STAT_H
| # include <sys/stat.h>
| #endif
| #ifdef STDC_HEADERS
| # include <stdlib.h>
| # include <stddef.h>
| #else
| # ifdef HAVE_STDLIB_H
| #  include <stdlib.h>
| # endif
| #endif
| #ifdef HAVE_STRING_H
| # if !defined STDC_HEADERS && defined HAVE_MEMORY_H
| #  include <memory.h>
| # endif
| # include <string.h>
| #endif
| #ifdef HAVE_STRINGS_H
| # include <strings.h>
| #endif
| #ifdef HAVE_INTTYPES_H
| # include <inttypes.h>
| #endif
| #ifdef HAVE_STDINT_H
| # include <stdint.h>
| #endif
| #ifdef HAVE_UNISTD_H
| # include <unistd.h>
| #endif
| int
| main ()
| {
| static int test_array [1 - 2 * !(((long int) (sizeof (long))) <= 3)];
| test_array [0] = 0;
| return test_array [0];
| 
|   ;
|   return 0;
| }
configure:3832: arm-linux-androideabi-gcc -c -g -O2  conftest.c >&5
configure:3832: $? = 0
configure:3832: arm-linux-androideabi-gcc -c -g -O2  conftest.c >&5
configure:3832: $? = 0
configure:3832: arm-linux-androideabi-gcc -c -g -O2  conftest.c >&5
configure:3832: $? = 0
configure:3846: result: 4
configure:3860: checking size of long long
configure:3865: arm-linux-androideabi-gcc -c -g -O2  conftest.c >&5
configure:3865: $? = 0
configure:3865: arm-linux-androideabi-gcc -c -g -O2  conftest.c >&5
conftest.c: In function 'main':
conftest.c:69:12: error: size of array 'test_array' is negative
configure:3865: $? = 1
configure: failed program was:
| /* confdefs.h */
| #define PACKAGE_NAME "libgnustep-corebase"
| #define PACKAGE_TARNAME "libgnustep-corebase"
| #define PACKAGE_VERSION "0.2"
| #define PACKAGE_STRING "libgnustep-corebase 0.2"
| #define PACKAGE_BUGREPORT "bug-gnustep@gnu.org"
| #define PACKAGE_URL ""
| #define STDC_HEADERS 1
| #define HAVE_SYS_TYPES_H 1
| #define HAVE_SYS_STAT_H 1
| #define HAVE_STDLIB_H 1
| #define HAVE_STRING_H 1
| #define HAVE_MEMORY_H 1
| #define HAVE_STRINGS_H 1
| #define HAVE_INTTYPES_H 1
| #define HAVE_STDINT_H 1
| #define HAVE_UNISTD_H 1
| #define HAVE_FCNTL_H 1
| #define HAVE_FLOAT_H 1
| #define HAVE_LIMITS_H 1
| #define HAVE_MATH_H 1
| #define HAVE_STDDEF_H 1
| #define HAVE_STDINT_H 1
| #define HAVE_STDLIB_H 1
| #define HAVE_STRING_H 1
| #define HAVE_SYS_TIME_H 1
| #define HAVE_UNISTD_H 1
| #define SIZEOF_CHAR 1
| #define SIZEOF_SHORT 2
| #define SIZEOF_INT 4
| #define SIZEOF_LONG 4
| /* end confdefs.h.  */
| #include <stdio.h>
| #ifdef HAVE_SYS_TYPES_H
| # include <sys/types.h>
| #endif
| #ifdef HAVE_SYS_STAT_H
| # include <sys/stat.h>
| #endif
| #ifdef STDC_HEADERS
| # include <stdlib.h>
| # include <stddef.h>
| #else
| # ifdef HAVE_STDLIB_H
| #  include <stdlib.h>
| # endif
| #endif
| #ifdef HAVE_STRING_H
| # if !defined STDC_HEADERS && defined HAVE_MEMORY_H
| #  include <memory.h>
| # endif
| # include <string.h>
| #endif
| #ifdef HAVE_STRINGS_H
| # include <strings.h>
| #endif
| #ifdef HAVE_INTTYPES_H
| # include <inttypes.h>
| #endif
| #ifdef HAVE_STDINT_H
| # include <stdint.h>
| #endif
| #ifdef HAVE_UNISTD_H
| # include <unistd.h>
| #endif
| int
| main ()
| {
| static int test_array [1 - 2 * !(((long int) (sizeof (long long))) <= 0)];
| test_array [0] = 0;
| return test_array [0];
| 
|   ;
|   return 0;
| }
configure:3865: arm-linux-androideabi-gcc -c -g -O2  conftest.c >&5
conftest.c: In function 'main':
conftest.c:69:12: error: size of array 'test_array' is negative
configure:3865: $? = 1
configure: failed program was:
| /* confdefs.h */
| #define PACKAGE_NAME "libgnustep-corebase"
| #define PACKAGE_TARNAME "libgnustep-corebase"
| #define PACKAGE_VERSION "0.2"
| #define PACKAGE_STRING "libgnustep-corebase 0.2"
| #define PACKAGE_BUGREPORT "bug-gnustep@gnu.org"
| #define PACKAGE_URL ""
| #define STDC_HEADERS 1
| #define HAVE_SYS_TYPES_H 1
| #define HAVE_SYS_STAT_H 1
| #define HAVE_STDLIB_H 1
| #define HAVE_STRING_H 1
| #define HAVE_MEMORY_H 1
| #define HAVE_STRINGS_H 1
| #define HAVE_INTTYPES_H 1
| #define HAVE_STDINT_H 1
| #define HAVE_UNISTD_H 1
| #define HAVE_FCNTL_H 1
| #define HAVE_FLOAT_H 1
| #define HAVE_LIMITS_H 1
| #define HAVE_MATH_H 1
| #define HAVE_STDDEF_H 1
| #define HAVE_STDINT_H 1
| #define HAVE_STDLIB_H 1
| #define HAVE_STRING_H 1
| #define HAVE_SYS_TIME_H 1
| #define HAVE_UNISTD_H 1
| #define SIZEOF_CHAR 1
| #define SIZEOF_SHORT 2
| #define SIZEOF_INT 4
| #define SIZEOF_LONG 4
| /* end confdefs.h.  */
| #include <stdio.h>
| #ifdef HAVE_SYS_TYPES_H
| # include <sys/types.h>
| #endif
| #ifdef HAVE_SYS_STAT_H
| # include <sys/stat.h>
| #endif
| #ifdef STDC_HEADERS
| # include <stdlib.h>
| # include <stddef.h>
| #else
| # ifdef HAVE_STDLIB_H
| #  include <stdlib.h>
| # endif
| #endif
| #ifdef HAVE_STRING_H
| # if !defined STDC_HEADERS && defined HAVE_MEMORY_H
| #  include <memory.h>
| # endif
| # include <string.h>
| #endif
| #ifdef HAVE_STRINGS_H
| # include <strings.h>
| #endif
| #ifdef HAVE_INTTYPES_H
| # include <inttypes.h>
| #endif
| #ifdef HAVE_STDINT_H
| # include <stdint.h>
| #endif
| #ifdef HAVE_UNISTD_H
| # include <unistd.h>
| #endif
| int
| main ()
| {
| static int test_array [1 - 2 * !(((long int) (sizeof (long long))) <= 1)];
| test_array [0] = 0;
| return test_array [0];
| 
|   ;
|   return 0;
| }
configure:3865: arm-linux-androideabi-gcc -c -g -O2  conftest.c >&5
conftest.c: In function 'main':
conftest.c:69:12: error: size of array 'test_array' is negative
configure:3865: $? = 1
configure: failed program was:
| /* confdefs.h */
| #define PACKAGE_NAME "libgnustep-corebase"
| #define PACKAGE_TARNAME "libgnustep-corebase"
| #define PACKAGE_VERSION "0.2"
| #define PACKAGE_STRING "libgnustep-corebase 0.2"
| #define PACKAGE_BUGREPORT "bug-gnustep@gnu.org"
| #define PACKAGE_URL ""
| #define STDC_HEADERS 1
| #define HAVE_SYS_TYPES_H 1
| #define HAVE_SYS_STAT_H 1
| #define HAVE_STDLIB_H 1
| #define HAVE_STRING_H 1
| #define HAVE_MEMORY_H 1
| #define HAVE_STRINGS_H 1
| #define HAVE_INTTYPES_H 1
| #define HAVE_STDINT_H 1
| #define HAVE_UNISTD_H 1
| #define HAVE_FCNTL_H 1
| #define HAVE_FLOAT_H 1
| #define HAVE_LIMITS_H 1
| #define HAVE_MATH_H 1
| #define HAVE_STDDEF_H 1
| #define HAVE_STDINT_H 1
| #define HAVE_STDLIB_H 1
| #define HAVE_STRING_H 1
| #define HAVE_SYS_TIME_H 1
| #define HAVE_UNISTD_H 1
| #define SIZEOF_CHAR 1
| #define SIZEOF_SHORT 2
| #define SIZEOF_INT 4
| #define SIZEOF_LONG 4
| /* end confdefs.h.  */
| #include <stdio.h>
| #ifdef HAVE_SYS_TYPES_H
| # include <sys/types.h>
| #endif
| #ifdef HAVE_SYS_STAT_H
| # include <sys/stat.h>
| #endif
| #ifdef STDC_HEADERS
| # include <stdlib.h>
| # include <stddef.h>
| #else
| # ifdef HAVE_STDLIB_H
| #  include <stdlib.h>
| # endif
| #endif
| #ifdef HAVE_STRING_H
| # if !defined STDC_HEADERS && defined HAVE_MEMORY_H
| #  include <memory.h>
| # endif
| # include <string.h>
| #endif
| #ifdef HAVE_STRINGS_H
| # include <strings.h>
| #endif
| #ifdef HAVE_INTTYPES_H
| # include <inttypes.h>
| #endif
| #ifdef HAVE_STDINT_H
| # include <stdint.h>
| #endif
| #ifdef HAVE_UNISTD_H
| # include <unistd.h>
| #endif
| int
| main ()
| {
| static int test_array [1 - 2 * !(((long int) (sizeof (long long))) <= 3)];
| test_array [0] = 0;
| return test_array [0];
| 
|   ;
|   return 0;
| }
configure:3865: arm-linux-androideabi-gcc -c -g -O2  conftest.c >&5
conftest.c: In function 'main':
conftest.c:69:12: error: size of array 'test_array' is negative
configure:3865: $? = 1
configure: failed program was:
| /* confdefs.h */
| #define PACKAGE_NAME "libgnustep-corebase"
| #define PACKAGE_TARNAME "libgnustep-corebase"
| #define PACKAGE_VERSION "0.2"
| #define PACKAGE_STRING "libgnustep-corebase 0.2"
| #define PACKAGE_BUGREPORT "bug-gnustep@gnu.org"
| #define PACKAGE_URL ""
| #define STDC_HEADERS 1
| #define HAVE_SYS_TYPES_H 1
| #define HAVE_SYS_STAT_H 1
| #define HAVE_STDLIB_H 1
| #define HAVE_STRING_H 1
| #define HAVE_MEMORY_H 1
| #define HAVE_STRINGS_H 1
| #define HAVE_INTTYPES_H 1
| #define HAVE_STDINT_H 1
| #define HAVE_UNISTD_H 1
| #define HAVE_FCNTL_H 1
| #define HAVE_FLOAT_H 1
| #define HAVE_LIMITS_H 1
| #define HAVE_MATH_H 1
| #define HAVE_STDDEF_H 1
| #define HAVE_STDINT_H 1
| #define HAVE_STDLIB_H 1
| #define HAVE_STRING_H 1
| #define HAVE_SYS_TIME_H 1
| #define HAVE_UNISTD_H 1
| #define SIZEOF_CHAR 1
| #define SIZEOF_SHORT 2
| #define SIZEOF_INT 4
| #define SIZEOF_LONG 4
| /* end confdefs.h.  */
| #include <stdio.h>
| #ifdef HAVE_SYS_TYPES_H
| # include <sys/types.h>
| #endif
| #ifdef HAVE_SYS_STAT_H
| # include <sys/stat.h>
| #endif
| #ifdef STDC_HEADERS
| # include <stdlib.h>
| # include <stddef.h>
| #else
| # ifdef HAVE_STDLIB_H
| #  include <stdlib.h>
| # endif
| #endif
| #ifdef HAVE_STRING_H
| # if !defined STDC_HEADERS && defined HAVE_MEMORY_H
| #  include <memory.h>
| # endif
| # include <string.h>
| #endif
| #ifdef HAVE_STRINGS_H
| # include <strings.h>
| #endif
| #ifdef HAVE_INTTYPES_H
| # include <inttypes.h>
| #endif
| #ifdef HAVE_STDINT_H
| # include <stdint.h>
| #endif
| #ifdef HAVE_UNISTD_H
| # include <unistd.h>
| #endif
| int
| main ()
| {
| static int test_array [1 - 2 * !(((long int) (sizeof (long long))) <= 7)];
| test_array [0] = 0;
| return test_array [0];
| 
|   ;
|   return 0;
| }
configure:3865: arm-linux-androideabi-gcc -c -g -O2  conftest.c >&5
configure:3865: $? = 0
configure:3865: arm-linux-androideabi-gcc -c -g -O2  conftest.c >&5
configure:3865: $? = 0
configure:3865: arm-linux-androideabi-gcc -c -g -O2  conftest.c >&5
configure:3865: $? = 0
configure:3865: arm-linux-androideabi-gcc -c -g -O2  conftest.c >&5
configure:3865: $? = 0
configure:3879: result: 8
configure:3893: checking size of void *
configure:3898: arm-linux-androideabi-gcc -c -g -O2  conftest.c >&5
configure:3898: $? = 0
configure:3898: arm-linux-androideabi-gcc -c -g -O2  conftest.c >&5
conftest.c: In function 'main':
conftest.c:70:12: error: size of array 'test_array' is negative
configure:3898: $? = 1
configure: failed program was:
| /* confdefs.h */
| #define PACKAGE_NAME "libgnustep-corebase"
| #define PACKAGE_TARNAME "libgnustep-corebase"
| #define PACKAGE_VERSION "0.2"
| #define PACKAGE_STRING "libgnustep-corebase 0.2"
| #define PACKAGE_BUGREPORT "bug-gnustep@gnu.org"
| #define PACKAGE_URL ""
| #define STDC_HEADERS 1
| #define HAVE_SYS_TYPES_H 1
| #define HAVE_SYS_STAT_H 1
| #define HAVE_STDLIB_H 1
| #define HAVE_STRING_H 1
| #define HAVE_MEMORY_H 1
| #define HAVE_STRINGS_H 1
| #define HAVE_INTTYPES_H 1
| #define HAVE_STDINT_H 1
| #define HAVE_UNISTD_H 1
| #define HAVE_FCNTL_H 1
| #define HAVE_FLOAT_H 1
| #define HAVE_LIMITS_H 1
| #define HAVE_MATH_H 1
| #define HAVE_STDDEF_H 1
| #define HAVE_STDINT_H 1
| #define HAVE_STDLIB_H 1
| #define HAVE_STRING_H 1
| #define HAVE_SYS_TIME_H 1
| #define HAVE_UNISTD_H 1
| #define SIZEOF_CHAR 1
| #define SIZEOF_SHORT 2
| #define SIZEOF_INT 4
| #define SIZEOF_LONG 4
| #define SIZEOF_LONG_LONG 8
| /* end confdefs.h.  */
| #include <stdio.h>
| #ifdef HAVE_SYS_TYPES_H
| # include <sys/types.h>
| #endif
| #ifdef HAVE_SYS_STAT_H
| # include <sys/stat.h>
| #endif
| #ifdef STDC_HEADERS
| # include <stdlib.h>
| # include <stddef.h>
| #else
| # ifdef HAVE_STDLIB_H
| #  include <stdlib.h>
| # endif
| #endif
| #ifdef HAVE_STRING_H
| # if !defined STDC_HEADERS && defined HAVE_MEMORY_H
| #  include <memory.h>
| # endif
| # include <string.h>
| #endif
| #ifdef HAVE_STRINGS_H
| # include <strings.h>
| #endif
| #ifdef HAVE_INTTYPES_H
| # include <inttypes.h>
| #endif
| #ifdef HAVE_STDINT_H
| # include <stdint.h>
| #endif
| #ifdef HAVE_UNISTD_H
| # include <unistd.h>
| #endif
| int
| main ()
| {
| static int test_array [1 - 2 * !(((long int) (sizeof (void *))) <= 0)];
| test_array [0] = 0;
| return test_array [0];
| 
|   ;
|   return 0;
| }
configure:3898: arm-linux-androideabi-gcc -c -g -O2  conftest.c >&5
conftest.c: In function 'main':
conftest.c:70:12: error: size of array 'test_array' is negative
configure:3898: $? = 1
configure: failed program was:
| /* confdefs.h */
| #define PACKAGE_NAME "libgnustep-corebase"
| #define PACKAGE_TARNAME "libgnustep-corebase"
| #define PACKAGE_VERSION "0.2"
| #define PACKAGE_STRING "libgnustep-corebase 0.2"
| #define PACKAGE_BUGREPORT "bug-gnustep@gnu.org"
| #define PACKAGE_URL ""
| #define STDC_HEADERS 1
| #define HAVE_SYS_TYPES_H 1
| #define HAVE_SYS_STAT_H 1
| #define HAVE_STDLIB_H 1
| #define HAVE_STRING_H 1
| #define HAVE_MEMORY_H 1
| #define HAVE_STRINGS_H 1
| #define HAVE_INTTYPES_H 1
| #define HAVE_STDINT_H 1
| #define HAVE_UNISTD_H 1
| #define HAVE_FCNTL_H 1
| #define HAVE_FLOAT_H 1
| #define HAVE_LIMITS_H 1
| #define HAVE_MATH_H 1
| #define HAVE_STDDEF_H 1
| #define HAVE_STDINT_H 1
| #define HAVE_STDLIB_H 1
| #define HAVE_STRING_H 1
| #define HAVE_SYS_TIME_H 1
| #define HAVE_UNISTD_H 1
| #define SIZEOF_CHAR 1
| #define SIZEOF_SHORT 2
| #define SIZEOF_INT 4
| #define SIZEOF_LONG 4
| #define SIZEOF_LONG_LONG 8
| /* end confdefs.h.  */
| #include <stdio.h>
| #ifdef HAVE_SYS_TYPES_H
| # include <sys/types.h>
| #endif
| #ifdef HAVE_SYS_STAT_H
| # include <sys/stat.h>
| #endif
| #ifdef STDC_HEADERS
| # include <stdlib.h>
| # include <stddef.h>
| #else
| # ifdef HAVE_STDLIB_H
| #  include <stdlib.h>
| # endif
| #endif
| #ifdef HAVE_STRING_H
| # if !defined STDC_HEADERS && defined HAVE_MEMORY_H
| #  include <memory.h>
| # endif
| # include <string.h>
| #endif
| #ifdef HAVE_STRINGS_H
| # include <strings.h>
| #endif
| #ifdef HAVE_INTTYPES_H
| # include <inttypes.h>
| #endif
| #ifdef HAVE_STDINT_H
| # include <stdint.h>
| #endif
| #ifdef HAVE_UNISTD_H
| # include <unistd.h>
| #endif
| int
| main ()
| {
| static int test_array [1 - 2 * !(((long int) (sizeof (void *))) <= 1)];
| test_array [0] = 0;
| return test_array [0];
| 
|   ;
|   return 0;
| }
configure:3898: arm-linux-androideabi-gcc -c -g -O2  conftest.c >&5
conftest.c: In function 'main':
conftest.c:70:12: error: size of array 'test_array' is negative
configure:3898: $? = 1
configure: failed program was:
| /* confdefs.h */
| #define PACKAGE_NAME "libgnustep-corebase"
| #define PACKAGE_TARNAME "libgnustep-corebase"
| #define PACKAGE_VERSION "0.2"
| #define PACKAGE_STRING "libgnustep-corebase 0.2"
| #define PACKAGE_BUGREPORT "bug-gnustep@gnu.org"
| #define PACKAGE_URL ""
| #define STDC_HEADERS 1
| #define HAVE_SYS_TYPES_H 1
| #define HAVE_SYS_STAT_H 1
| #define HAVE_STDLIB_H 1
| #define HAVE_STRING_H 1
| #define HAVE_MEMORY_H 1
| #define HAVE_STRINGS_H 1
| #define HAVE_INTTYPES_H 1
| #define HAVE_STDINT_H 1
| #define HAVE_UNISTD_H 1
| #define HAVE_FCNTL_H 1
| #define HAVE_FLOAT_H 1
| #define HAVE_LIMITS_H 1
| #define HAVE_MATH_H 1
| #define HAVE_STDDEF_H 1
| #define HAVE_STDINT_H 1
| #define HAVE_STDLIB_H 1
| #define HAVE_STRING_H 1
| #define HAVE_SYS_TIME_H 1
| #define HAVE_UNISTD_H 1
| #define SIZEOF_CHAR 1
| #define SIZEOF_SHORT 2
| #define SIZEOF_INT 4
| #define SIZEOF_LONG 4
| #define SIZEOF_LONG_LONG 8
| /* end confdefs.h.  */
| #include <stdio.h>
| #ifdef HAVE_SYS_TYPES_H
| # include <sys/types.h>
| #endif
| #ifdef HAVE_SYS_STAT_H
| # include <sys/stat.h>
| #endif
| #ifdef STDC_HEADERS
| # include <stdlib.h>
| # include <stddef.h>
| #else
| # ifdef HAVE_STDLIB_H
| #  include <stdlib.h>
| # endif
| #endif
| #ifdef HAVE_STRING_H
| # if !defined STDC_HEADERS && defined HAVE_MEMORY_H
| #  include <memory.h>
| # endif
| # include <string.h>
| #endif
| #ifdef HAVE_STRINGS_H
| # include <strings.h>
| #endif
| #ifdef HAVE_INTTYPES_H
| # include <inttypes.h>
| #endif
| #ifdef HAVE_STDINT_H
| # include <stdint.h>
| #endif
| #ifdef HAVE_UNISTD_H
| # include <unistd.h>
| #endif
| int
| main ()
| {
| static int test_array [1 - 2 * !(((long int) (sizeof (void *))) <= 3)];
| test_array [0] = 0;
| return test_array [0];
| 
|   ;
|   return 0;
| }
configure:3898: arm-linux-androideabi-gcc -c -g -O2  conftest.c >&5
configure:3898: $? = 0
configure:3898: arm-linux-androideabi-gcc -c -g -O2  conftest.c >&5
configure:3898: $? = 0
configure:3898: arm-linux-androideabi-gcc -c -g -O2  conftest.c >&5
configure:3898: $? = 0
configure:3912: result: 4
configure:3937: checking for data model
configure:3958: result: ILP32
configure:4035: checking for icu-config
configure:4053: found /Users/chyhfj/Development/MiraSDK/Products/android/android-toolchain-arm/sysroot/usr/bin/icu-config
configure:4066: result: /Users/chyhfj/Development/MiraSDK/Products/android/android-toolchain-arm/sysroot/usr/bin/icu-config
configure:4074: checking for ICU 4.0 or later
configure:4082: result: yes
configure:4098: checking for unicode/ucal.h
configure:4098: arm-linux-androideabi-gcc -c -g -O2  conftest.c >&5
configure:4098: $? = 0
configure:4098: result: yes
configure:4098: checking for unicode/uchar.h
configure:4098: arm-linux-androideabi-gcc -c -g -O2  conftest.c >&5
configure:4098: $? = 0
configure:4098: result: yes
configure:4098: checking for unicode/ucnv.h
configure:4098: arm-linux-androideabi-gcc -c -g -O2  conftest.c >&5
configure:4098: $? = 0
configure:4098: result: yes
configure:4098: checking for unicode/ucol.h
configure:4098: arm-linux-androideabi-gcc -c -g -O2  conftest.c >&5
configure:4098: $? = 0
configure:4098: result: yes
configure:4098: checking for unicode/ucurr.h
configure:4098: arm-linux-androideabi-gcc -c -g -O2  conftest.c >&5
configure:4098: $? = 0
configure:4098: result: yes
configure:4098: checking for unicode/udat.h
configure:4098: arm-linux-androideabi-gcc -c -g -O2  conftest.c >&5
configure:4098: $? = 0
configure:4098: result: yes
configure:4098: checking for unicode/udatpg.h
configure:4098: arm-linux-androideabi-gcc -c -g -O2  conftest.c >&5
configure:4098: $? = 0
configure:4098: result: yes
configure:4098: checking for unicode/uloc.h
configure:4098: arm-linux-androideabi-gcc -c -g -O2  conftest.c >&5
configure:4098: $? = 0
configure:4098: result: yes
configure:4098: checking for unicode/ulocdata.h
configure:4098: arm-linux-androideabi-gcc -c -g -O2  conftest.c >&5
configure:4098: $? = 0
configure:4098: result: yes
configure:4098: checking for unicode/unorm.h
configure:4098: arm-linux-androideabi-gcc -c -g -O2  conftest.c >&5
configure:4098: $? = 0
configure:4098: result: yes
configure:4098: checking for unicode/unum.h
configure:4098: arm-linux-androideabi-gcc -c -g -O2  conftest.c >&5
configure:4098: $? = 0
configure:4098: result: yes
configure:4098: checking for unicode/usearch.h
configure:4098: arm-linux-androideabi-gcc -c -g -O2  conftest.c >&5
configure:4098: $? = 0
configure:4098: result: yes
configure:4098: checking for unicode/ustring.h
configure:4098: arm-linux-androideabi-gcc -c -g -O2  conftest.c >&5
configure:4098: $? = 0
configure:4098: result: yes
configure:4098: checking for unicode/utrans.h
configure:4098: arm-linux-androideabi-gcc -c -g -O2  conftest.c >&5
configure:4098: $? = 0
configure:4098: result: yes
configure:4152: arm-linux-androideabi-gcc -o conftest -g -O2   conftest.c  -licui18n -licuuc -licudata  >&5
/Users/chyhfj/Development/MiraSDK/Products/android/android-toolchain-arm/bin/../lib/gcc/arm-linux-androideabi/4.6/../../../../arm-linux-androideabi/bin/realld: /Users/chyhfj/Development/MiraSDK/Products/android/android-toolchain-arm/bin/../sysroot/usr/lib/libicuuc.a(putil.ao): in function uprv_floor_52:../../icu/source/common/putil.cpp(.text+0x1c8): error: undefined reference to 'floor'
/Users/chyhfj/Development/MiraSDK/Products/android/android-toolchain-arm/bin/../lib/gcc/arm-linux-androideabi/4.6/../../../../arm-linux-androideabi/bin/realld: /Users/chyhfj/Development/MiraSDK/Products/android/android-toolchain-arm/bin/../sysroot/usr/lib/libicuuc.a(putil.ao): in function uprv_ceil_52:../../icu/source/common/putil.cpp(.text+0x1d8): error: undefined reference to 'ceil'
/Users/chyhfj/Development/MiraSDK/Products/android/android-toolchain-arm/bin/../lib/gcc/arm-linux-androideabi/4.6/../../../../arm-linux-androideabi/bin/realld: /Users/chyhfj/Development/MiraSDK/Products/android/android-toolchain-arm/bin/../sysroot/usr/lib/libicuuc.a(putil.ao): in function uprv_round_52:../../icu/source/common/putil.cpp(.text+0x1f8): error: undefined reference to 'floor'
/Users/chyhfj/Development/MiraSDK/Products/android/android-toolchain-arm/bin/../lib/gcc/arm-linux-androideabi/4.6/../../../../arm-linux-androideabi/bin/realld: /Users/chyhfj/Development/MiraSDK/Products/android/android-toolchain-arm/bin/../sysroot/usr/lib/libicuuc.a(putil.ao): in function uprv_modf_52:../../icu/source/common/putil.cpp(.text+0x210): error: undefined reference to 'modf'
/Users/chyhfj/Development/MiraSDK/Products/android/android-toolchain-arm/bin/../lib/gcc/arm-linux-androideabi/4.6/../../../../arm-linux-androideabi/bin/realld: /Users/chyhfj/Development/MiraSDK/Products/android/android-toolchain-arm/bin/../sysroot/usr/lib/libicuuc.a(putil.ao): in function uprv_fmod_52:../../icu/source/common/putil.cpp(.text+0x220): error: undefined reference to 'fmod'
/Users/chyhfj/Development/MiraSDK/Products/android/android-toolchain-arm/bin/../lib/gcc/arm-linux-androideabi/4.6/../../../../arm-linux-androideabi/bin/realld: /Users/chyhfj/Development/MiraSDK/Products/android/android-toolchain-arm/bin/../sysroot/usr/lib/libicuuc.a(putil.ao): in function uprv_pow_52:../../icu/source/common/putil.cpp(.text+0x230): error: undefined reference to 'pow'
/Users/chyhfj/Development/MiraSDK/Products/android/android-toolchain-arm/bin/../lib/gcc/arm-linux-androideabi/4.6/../../../../arm-linux-androideabi/bin/realld: /Users/chyhfj/Development/MiraSDK/Products/android/android-toolchain-arm/bin/../sysroot/usr/lib/libicuuc.a(putil.ao): in function uprv_pow10_52:../../icu/source/common/putil.cpp(.text+0x258): error: undefined reference to 'pow'
/Users/chyhfj/Development/MiraSDK/Products/android/android-toolchain-arm/bin/../lib/gcc/arm-linux-androideabi/4.6/../../../../arm-linux-androideabi/bin/realld: /Users/chyhfj/Development/MiraSDK/Products/android/android-toolchain-arm/bin/../sysroot/usr/lib/libicuuc.a(putil.ao): in function uprv_trunc_52:../../icu/source/common/putil.cpp(.text+0x4d8): error: undefined reference to 'floor'
/Users/chyhfj/Development/MiraSDK/Products/android/android-toolchain-arm/bin/../lib/gcc/arm-linux-androideabi/4.6/../../../../arm-linux-androideabi/bin/realld: /Users/chyhfj/Development/MiraSDK/Products/android/android-toolchain-arm/bin/../sysroot/usr/lib/libicuuc.a(putil.ao): in function uprv_trunc_52:../../icu/source/common/putil.cpp(.text+0x4e4): error: undefined reference to 'ceil'
/Users/chyhfj/Development/MiraSDK/Products/android/android-toolchain-arm/bin/../lib/gcc/arm-linux-androideabi/4.6/../../../../arm-linux-androideabi/bin/realld: /Users/chyhfj/Development/MiraSDK/Products/android/android-toolchain-arm/bin/../sysroot/usr/lib/libicuuc.a(putil.ao): in function uprv_log_52:../../icu/source/common/putil.cpp(.text+0x508): error: undefined reference to 'log'
collect2: ld returned 1 exit status
configure:4152: $? = 1
configure: failed program was:
| /* confdefs.h */
| #define PACKAGE_NAME "libgnustep-corebase"
| #define PACKAGE_TARNAME "libgnustep-corebase"
| #define PACKAGE_VERSION "0.2"
| #define PACKAGE_STRING "libgnustep-corebase 0.2"
| #define PACKAGE_BUGREPORT "bug-gnustep@gnu.org"
| #define PACKAGE_URL ""
| #define STDC_HEADERS 1
| #define HAVE_SYS_TYPES_H 1
| #define HAVE_SYS_STAT_H 1
| #define HAVE_STDLIB_H 1
| #define HAVE_STRING_H 1
| #define HAVE_MEMORY_H 1
| #define HAVE_STRINGS_H 1
| #define HAVE_INTTYPES_H 1
| #define HAVE_STDINT_H 1
| #define HAVE_UNISTD_H 1
| #define HAVE_FCNTL_H 1
| #define HAVE_FLOAT_H 1
| #define HAVE_LIMITS_H 1
| #define HAVE_MATH_H 1
| #define HAVE_STDDEF_H 1
| #define HAVE_STDINT_H 1
| #define HAVE_STDLIB_H 1
| #define HAVE_STRING_H 1
| #define HAVE_SYS_TIME_H 1
| #define HAVE_UNISTD_H 1
| #define SIZEOF_CHAR 1
| #define SIZEOF_SHORT 2
| #define SIZEOF_INT 4
| #define SIZEOF_LONG 4
| #define SIZEOF_LONG_LONG 8
| #define SIZEOF_VOID_P 4
| #define DATA_MODEL_IP16 122482
| #define DATA_MODEL_LP32 122484
| #define DATA_MODEL_ILP32 124484
| #define DATA_MODEL_LLP64 124488
| #define DATA_MODEL_LP64 124888
| #define DATA_MODEL DATA_MODEL_ILP32
| #define HAVE_UNICODE_UCAL_H 1
| #define HAVE_UNICODE_UCHAR_H 1
| #define HAVE_UNICODE_UCNV_H 1
| #define HAVE_UNICODE_UCOL_H 1
| #define HAVE_UNICODE_UCURR_H 1
| #define HAVE_UNICODE_UDAT_H 1
| #define HAVE_UNICODE_UDATPG_H 1
| #define HAVE_UNICODE_ULOC_H 1
| #define HAVE_UNICODE_ULOCDATA_H 1
| #define HAVE_UNICODE_UNORM_H 1
| #define HAVE_UNICODE_UNUM_H 1
| #define HAVE_UNICODE_USEARCH_H 1
| #define HAVE_UNICODE_USTRING_H 1
| #define HAVE_UNICODE_UTRANS_H 1
| /* end confdefs.h.  */
| #include <unicode/uversion.h>
| int
| main ()
| {
| UVersionInfo version_info;
|                                  u_getVersion(version_info);
|   ;
|   return 0;
| }
configure:4175: checking dispatch/dispatch.h usability
configure:4175: arm-linux-androideabi-gcc -c -g -O2  conftest.c >&5
configure:4175: $? = 0
configure:4175: result: yes
configure:4175: checking dispatch/dispatch.h presence
configure:4175: arm-linux-androideabi-gcc -E  conftest.c
configure:4175: $? = 0
configure:4175: result: yes
configure:4175: checking for dispatch/dispatch.h
configure:4175: result: yes
configure:4185: checking for dispatch_get_main_queue_eventfd_np in -ldispatch
configure:4210: arm-linux-androideabi-gcc -o conftest -g -O2   conftest.c -ldispatch   -licui18n -licuuc -licudata  -ldispatch >&5
/Users/chyhfj/Development/MiraSDK/Products/android/android-toolchain-arm/bin/../lib/gcc/arm-linux-androideabi/4.6/../../../../arm-linux-androideabi/bin/realld: /var/folders/kz/h3j3ggb958x_hgy_5hpztwlc0000gq/T//ccUpLQjI.o: in function main:conftest.c:68: error: undefined reference to 'dispatch_get_main_queue_eventfd_np'
collect2: ld returned 1 exit status
configure:4210: $? = 1
configure: failed program was:
| /* confdefs.h */
| #define PACKAGE_NAME "libgnustep-corebase"
| #define PACKAGE_TARNAME "libgnustep-corebase"
| #define PACKAGE_VERSION "0.2"
| #define PACKAGE_STRING "libgnustep-corebase 0.2"
| #define PACKAGE_BUGREPORT "bug-gnustep@gnu.org"
| #define PACKAGE_URL ""
| #define STDC_HEADERS 1
| #define HAVE_SYS_TYPES_H 1
| #define HAVE_SYS_STAT_H 1
| #define HAVE_STDLIB_H 1
| #define HAVE_STRING_H 1
| #define HAVE_MEMORY_H 1
| #define HAVE_STRINGS_H 1
| #define HAVE_INTTYPES_H 1
| #define HAVE_STDINT_H 1
| #define HAVE_UNISTD_H 1
| #define HAVE_FCNTL_H 1
| #define HAVE_FLOAT_H 1
| #define HAVE_LIMITS_H 1
| #define HAVE_MATH_H 1
| #define HAVE_STDDEF_H 1
| #define HAVE_STDINT_H 1
| #define HAVE_STDLIB_H 1
| #define HAVE_STRING_H 1
| #define HAVE_SYS_TIME_H 1
| #define HAVE_UNISTD_H 1
| #define SIZEOF_CHAR 1
| #define SIZEOF_SHORT 2
| #define SIZEOF_INT 4
| #define SIZEOF_LONG 4
| #define SIZEOF_LONG_LONG 8
| #define SIZEOF_VOID_P 4
| #define DATA_MODEL_IP16 122482
| #define DATA_MODEL_LP32 122484
| #define DATA_MODEL_ILP32 124484
| #define DATA_MODEL_LLP64 124488
| #define DATA_MODEL_LP64 124888
| #define DATA_MODEL DATA_MODEL_ILP32
| #define HAVE_UNICODE_UCAL_H 1
| #define HAVE_UNICODE_UCHAR_H 1
| #define HAVE_UNICODE_UCNV_H 1
| #define HAVE_UNICODE_UCOL_H 1
| #define HAVE_UNICODE_UCURR_H 1
| #define HAVE_UNICODE_UDAT_H 1
| #define HAVE_UNICODE_UDATPG_H 1
| #define HAVE_UNICODE_ULOC_H 1
| #define HAVE_UNICODE_ULOCDATA_H 1
| #define HAVE_UNICODE_UNORM_H 1
| #define HAVE_UNICODE_UNUM_H 1
| #define HAVE_UNICODE_USEARCH_H 1
| #define HAVE_UNICODE_USTRING_H 1
| #define HAVE_UNICODE_UTRANS_H 1
| #define HAVE_ICU 1
| #define HAVE_LIBDISPATCH 1
| /* end confdefs.h.  */
| 
| /* Override any GCC internal prototype to avoid an error.
|    Use char because int might match the return type of a GCC
|    builtin and then its argument prototype would still apply.  */
| #ifdef __cplusplus
| extern "C"
| #endif
| char dispatch_get_main_queue_eventfd_np ();
| int
| main ()
| {
| return dispatch_get_main_queue_eventfd_np ();
|   ;
|   return 0;
| }
configure:4219: result: no
configure:4231: error: Compatible libdispatch not found for GCD support! Use --disable-gcd to disable GCD support or install GCD.

## ---------------- ##
## Cache variables. ##
## ---------------- ##

ac_cv_c_bigendian=no
ac_cv_c_compiler_gnu=yes
ac_cv_c_inline=inline
ac_cv_env_CC_set=
ac_cv_env_CC_value=
ac_cv_env_CFLAGS_set=
ac_cv_env_CFLAGS_value=
ac_cv_env_CPPFLAGS_set=
ac_cv_env_CPPFLAGS_value=
ac_cv_env_CPP_set=
ac_cv_env_CPP_value=
ac_cv_env_LDFLAGS_set=
ac_cv_env_LDFLAGS_value=
ac_cv_env_LIBS_set=
ac_cv_env_LIBS_value=
ac_cv_env_build_alias_set=
ac_cv_env_build_alias_value=
ac_cv_env_host_alias_set=set
ac_cv_env_host_alias_value=arm-linux-androideabi
ac_cv_env_target_alias_set=
ac_cv_env_target_alias_value=
ac_cv_header_dispatch_dispatch_h=yes
ac_cv_header_fcntl_h=yes
ac_cv_header_float_h=yes
ac_cv_header_inttypes_h=yes
ac_cv_header_limits_h=yes
ac_cv_header_math_h=yes
ac_cv_header_memory_h=yes
ac_cv_header_stdc=yes
ac_cv_header_stddef_h=yes
ac_cv_header_stdint_h=yes
ac_cv_header_stdlib_h=yes
ac_cv_header_string_h=yes
ac_cv_header_strings_h=yes
ac_cv_header_sys_stat_h=yes
ac_cv_header_sys_time_h=yes
ac_cv_header_sys_types_h=yes
ac_cv_header_unicode_ucal_h=yes
ac_cv_header_unicode_uchar_h=yes
ac_cv_header_unicode_ucnv_h=yes
ac_cv_header_unicode_ucol_h=yes
ac_cv_header_unicode_ucurr_h=yes
ac_cv_header_unicode_udat_h=yes
ac_cv_header_unicode_udatpg_h=yes
ac_cv_header_unicode_uloc_h=yes
ac_cv_header_unicode_ulocdata_h=yes
ac_cv_header_unicode_unorm_h=yes
ac_cv_header_unicode_unum_h=yes
ac_cv_header_unicode_usearch_h=yes
ac_cv_header_unicode_ustring_h=yes
ac_cv_header_unicode_utrans_h=yes
ac_cv_header_unistd_h=yes
ac_cv_lib_dispatch_dispatch_get_main_queue_eventfd_np=no
ac_cv_objext=o
ac_cv_path_EGREP='/usr/bin/grep -E'
ac_cv_path_GREP=/usr/bin/grep
ac_cv_path_ICU_CONFIG=/Users/chyhfj/Development/MiraSDK/Products/android/android-toolchain-arm/sysroot/usr/bin/icu-config
ac_cv_prog_CC=arm-linux-androideabi-gcc
ac_cv_prog_CPP='arm-linux-androideabi-gcc -E'
ac_cv_prog_cc_c89=
ac_cv_prog_cc_g=yes
ac_cv_sizeof_char=1
ac_cv_sizeof_int=4
ac_cv_sizeof_long=4
ac_cv_sizeof_long_long=8
ac_cv_sizeof_short=2
ac_cv_sizeof_void_p=4
gs_cv_c_data_model=ILP32

## ----------------- ##
## Output variables. ##
## ----------------- ##

CC='arm-linux-androideabi-gcc'
CFLAGS='-g -O2'
CPP='arm-linux-androideabi-gcc -E'
CPPFLAGS=''
DEFS=''
ECHO_C='\c'
ECHO_N=''
ECHO_T=''
EGREP='/usr/bin/grep -E'
EXEEXT=''
GNUSTEP_CONFIG=''
GREP='/usr/bin/grep'
GS_INT16_T='short'
GS_INT32_T='int'
GS_INT64_T='long long'
GS_INT8_T='char'
GS_INTPTR_T='int'
GS_UINT16_T='unsigned short'
GS_UINT32_T='unsigned int'
GS_UINT64_T='unsigned long long'
GS_UINT8_T='unsigned char'
GS_UINTPTR_T='unsigned int'
ICU_CONFIG='/Users/chyhfj/Development/MiraSDK/Products/android/android-toolchain-arm/sysroot/usr/bin/icu-config'
LDFLAGS=''
LIBOBJS=''
LIBS=' -licui18n -licuuc -licudata  -ldispatch'
LTLIBOBJS=''
OBJEXT='o'
PACKAGE_BUGREPORT='bug-gnustep@gnu.org'
PACKAGE_NAME='libgnustep-corebase'
PACKAGE_STRING='libgnustep-corebase 0.2'
PACKAGE_TARNAME='libgnustep-corebase'
PACKAGE_URL=''
PACKAGE_VERSION='0.2'
PATH_SEPARATOR=':'
SHELL='/bin/sh'
ac_ct_CC=''
bindir='${exec_prefix}/bin'
build_alias=''
datadir='${datarootdir}'
datarootdir='${prefix}/share'
docdir='${datarootdir}/doc/${PACKAGE_TARNAME}'
dvidir='${docdir}'
exec_prefix='NONE'
host_alias='arm-linux-androideabi'
htmldir='${docdir}'
includedir='${prefix}/include'
infodir='${datarootdir}/info'
libdir='${exec_prefix}/lib'
libexecdir='${exec_prefix}/libexec'
localedir='${datarootdir}/locale'
localstatedir='${prefix}/var'
mandir='${datarootdir}/man'
oldincludedir='/usr/include'
pdfdir='${docdir}'
prefix='NONE'
program_transform_name='s,x,x,'
psdir='${docdir}'
sbindir='${exec_prefix}/sbin'
sharedstatedir='${prefix}/com'
sysconfdir='${prefix}/etc'
target_alias=''

## ----------- ##
## confdefs.h. ##
## ----------- ##

/* confdefs.h */
#define PACKAGE_NAME "libgnustep-corebase"
#define PACKAGE_TARNAME "libgnustep-corebase"
#define PACKAGE_VERSION "0.2"
#define PACKAGE_STRING "libgnustep-corebase 0.2"
#define PACKAGE_BUGREPORT "bug-gnustep@gnu.org"
#define PACKAGE_URL ""
#define STDC_HEADERS 1
#define HAVE_SYS_TYPES_H 1
#define HAVE_SYS_STAT_H 1
#define HAVE_STDLIB_H 1
#define HAVE_STRING_H 1
#define HAVE_MEMORY_H 1
#define HAVE_STRINGS_H 1
#define HAVE_INTTYPES_H 1
#define HAVE_STDINT_H 1
#define HAVE_UNISTD_H 1
#define HAVE_FCNTL_H 1
#define HAVE_FLOAT_H 1
#define HAVE_LIMITS_H 1
#define HAVE_MATH_H 1
#define HAVE_STDDEF_H 1
#define HAVE_STDINT_H 1
#define HAVE_STDLIB_H 1
#define HAVE_STRING_H 1
#define HAVE_SYS_TIME_H 1
#define HAVE_UNISTD_H 1
#define SIZEOF_CHAR 1
#define SIZEOF_SHORT 2
#define SIZEOF_INT 4
#define SIZEOF_LONG 4
#define SIZEOF_LONG_LONG 8
#define SIZEOF_VOID_P 4
#define DATA_MODEL_IP16 122482
#define DATA_MODEL_LP32 122484
#define DATA_MODEL_ILP32 124484
#define DATA_MODEL_LLP64 124488
#define DATA_MODEL_LP64 124888
#define DATA_MODEL DATA_MODEL_ILP32
#define HAVE_UNICODE_UCAL_H 1
#define HAVE_UNICODE_UCHAR_H 1
#define HAVE_UNICODE_UCNV_H 1
#define HAVE_UNICODE_UCOL_H 1
#define HAVE_UNICODE_UCURR_H 1
#define HAVE_UNICODE_UDAT_H 1
#define HAVE_UNICODE_UDATPG_H 1
#define HAVE_UNICODE_ULOC_H 1
#define HAVE_UNICODE_ULOCDATA_H 1
#define HAVE_UNICODE_UNORM_H 1
#define HAVE_UNICODE_UNUM_H 1
#define HAVE_UNICODE_USEARCH_H 1
#define HAVE_UNICODE_USTRING_H 1
#define HAVE_UNICODE_UTRANS_H 1
#define HAVE_ICU 1
#define HAVE_LIBDISPATCH 1

configure: exit 1
